testpractic/app/build/intermediates/manifest_merge_blame_file/debug/manifest-merger-blame-debug-report.txt
1<?xml version="1.0" encoding="utf-8"?>
2<manifest xmlns:android="http://schemas.android.com/apk/res/android"
3    package="ro.pub.cs.systems.eim.practicaltest01var04"
4    android:versionCode="1"
5    android:versionName="1.0" >
6
7    <uses-sdk
8        android:minSdkVersion="24"
8-->src\main\AndroidManifest.xml
9        android:targetSdkVersion="29" />
9-->src\main\AndroidManifest.xml
10
11    <application
11-->src\main\AndroidManifest.xml:5:5-27:19
12        android:allowBackup="true"
12-->src\main\AndroidManifest.xml:6:9-35
13        android:appComponentFactory="androidx.core.app.CoreComponentFactory"
13-->[androidx.core:core:1.3.1] AndroidManifest.xml:24:18-86
14        android:debuggable="true"
15        android:extractNativeLibs="false"
16        android:icon="@mipmap/ic_launcher"
16-->src\main\AndroidManifest.xml:7:9-43
17        android:label="@string/app_name"
17-->src\main\AndroidManifest.xml:8:9-41
18        android:roundIcon="@mipmap/ic_launcher_round"
18-->src\main\AndroidManifest.xml:9:9-54
19        android:supportsRtl="true"
19-->src\main\AndroidManifest.xml:10:9-35
20        android:testOnly="true"
21        android:theme="@style/Theme.PracticalTest01Var04" >
21-->src\main\AndroidManifest.xml:11:9-58
22        <activity android:name="ro.pub.cs.systems.eim.practicaltest01var04.PracticalTest01Var04MainActivity" >
22-->src\main\AndroidManifest.xml:13:9-19:20
22-->src\main\AndroidManifest.xml:13:19-67
23            <intent-filter>
23-->src\main\AndroidManifest.xml:14:13-18:29
24                <action android:name="android.intent.action.MAIN" />
24-->src\main\AndroidManifest.xml:15:17-69
24-->src\main\AndroidManifest.xml:15:25-66
25
26                <category android:name="android.intent.category.LAUNCHER" />
26-->src\main\AndroidManifest.xml:17:17-77
26-->src\main\AndroidManifest.xml:17:27-74
27            </intent-filter>
28        </activity>
29        <activity android:name="ro.pub.cs.systems.eim.practicaltest01var04.PracticalTest01Var04SecondaryActivity" >
29-->src\main\AndroidManifest.xml:21:9-26:20
29-->src\main\AndroidManifest.xml:21:19-72
30            <intent-filter>
30-->src\main\AndroidManifest.xml:22:13-25:29
31                <action android:name="ro.pub.cs.systems.eim.practicaltest01.intent.action.PracticalTest01SecondaryActivity" />
31-->src\main\AndroidManifest.xml:23:17-127
31-->src\main\AndroidManifest.xml:23:25-124
32
33                <category android:name="android.intent.category.DEFAULT" />
33-->src\main\AndroidManifest.xml:24:17-76
33-->src\main\AndroidManifest.xml:24:27-73
34            </intent-filter>
35        </activity>
36    </application>
37
38</manifest>